[  37028]   WARN - ateSettings.impl.UpdateChecker - connect timed out 
java.net.SocketTimeoutException: connect timed out
	at java.net.PlainSocketImpl.socketConnect(Native Method)
	at java.net.AbstractPlainSocketImpl.doConnect(AbstractPlainSocketImpl.java:339)
	at java.net.AbstractPlainSocketImpl.connectToAddress(AbstractPlainSocketImpl.java:200)
	at java.net.AbstractPlainSocketImpl.connect(AbstractPlainSocketImpl.java:182)
	at java.net.SocksSocketImpl.connect(SocksSocketImpl.java:392)
	at java.net.Socket.connect(Socket.java:579)
	at sun.net.NetworkClient.doConnect(NetworkClient.java:175)
	at sun.net.www.http.HttpClient.openServer(HttpClient.java:432)
	at sun.net.www.http.HttpClient.openServer(HttpClient.java:527)
	at sun.net.www.http.HttpClient.<init>(HttpClient.java:211)
	at sun.net.www.http.HttpClient.New(HttpClient.java:308)
	at sun.net.www.http.HttpClient.New(HttpClient.java:326)
	at sun.net.www.protocol.http.HttpURLConnection.getNewHttpClient(HttpURLConnection.java:997)
	at sun.net.www.protocol.http.HttpURLConnection.plainConnect(HttpURLConnection.java:976)
	at sun.net.www.protocol.http.HttpURLConnection.connect(HttpURLConnection.java:851)
	at sun.net.www.protocol.http.HttpURLConnection.getInputStream(HttpURLConnection.java:1301)
	at java.net.HttpURLConnection.getResponseCode(HttpURLConnection.java:468)
	at com.intellij.util.io.HttpRequests.openConnection(HttpRequests.java:284)
	at com.intellij.util.io.HttpRequests.access$000(HttpRequests.java:52)
	at com.intellij.util.io.HttpRequests$1RequestImpl.getConnection(HttpRequests.java:142)
	at com.intellij.ide.plugins.RepositoryHelper$1.process(RepositoryHelper.java:90)
	at com.intellij.ide.plugins.RepositoryHelper$1.process(RepositoryHelper.java:83)
	at com.intellij.util.io.HttpRequests.process(HttpRequests.java:235)
	at com.intellij.util.io.HttpRequests.wrapAndProcess(HttpRequests.java:112)
	at com.intellij.util.io.RequestBuilder.connect(RequestBuilder.java:118)
	at com.intellij.ide.plugins.RepositoryHelper.loadPluginsFromRepository(RepositoryHelper.java:83)
	at com.intellij.openapi.updateSettings.impl.UpdateChecker.updatePlugins(UpdateChecker.java:243)
	at com.intellij.openapi.updateSettings.impl.UpdateChecker.a(UpdateChecker.java:179)
	at com.intellij.openapi.updateSettings.impl.UpdateChecker.access$200(UpdateChecker.java:75)
	at com.intellij.openapi.updateSettings.impl.UpdateChecker$2.run(UpdateChecker.java:121)
	at com.intellij.openapi.application.impl.ApplicationImpl$8.run(ApplicationImpl.java:406)
	at java.util.concurrent.Executors$RunnableAdapter.call(Executors.java:471)
	at java.util.concurrent.FutureTask.run(FutureTask.java:262)
	at java.util.concurrent.ThreadPoolExecutor.runWorker(ThreadPoolExecutor.java:1145)
	at java.util.concurrent.ThreadPoolExecutor$Worker.run(ThreadPoolExecutor.java:615)
	at java.lang.Thread.run(Thread.java:745)
	at org.jetbrains.ide.PooledThreadExecutor$1$1.run(PooledThreadExecutor.java:56)
[  37043]   WARN - ateSettings.impl.UpdateChecker - connect timed out 
[1083657]   WARN - openapi.wm.impl.ToolWindowImpl - ToolWindow icons should be 13x13. Please fix ToolWindow (ID:  PHP-CGI Server) or icon jar:file:/root/Downloads/hamid-hard20G/programming/jetbrain/PhpStorm-139.1348/plugins/php/lib/php.jar!/icons/php-icon.png 
[14259329]   WARN - api.vfs.impl.local.FileWatcher - Watcher terminated with exit code 0 
